App/build/intermediates/manifest_merge_blame_file/debug/manifest-merger-blame-debug-report.txt
1<?xml version="1.0" encoding="utf-8"?>
2<manifest xmlns:android="http://schemas.android.com/apk/res/android"
3    package="com.ajstudios.notesapplication"
4    android:versionCode="1"
5    android:versionName="1.0" >
6
7    <uses-sdk
8        android:minSdkVersion="19"
8-->src\main\AndroidManifest.xml
9        android:targetSdkVersion="27" />
9-->src\main\AndroidManifest.xml
10
11    <application
11-->src\main\AndroidManifest.xml:5:5-29:19
12        android:allowBackup="true"
12-->src\main\AndroidManifest.xml:6:9-35
13        android:appComponentFactory="androidx.core.app.CoreComponentFactory"
13-->[androidx.core:core:1.3.1] AndroidManifest.xml:24:18-86
14        android:debuggable="true"
15        android:icon="@mipmap/ic_launcher"
15-->src\main\AndroidManifest.xml:7:9-43
16        android:label="Easy Attendance"
16-->src\main\AndroidManifest.xml:8:9-40
17        android:roundIcon="@mipmap/ic_launcher_round"
17-->src\main\AndroidManifest.xml:9:9-54
18        android:supportsRtl="true"
18-->src\main\AndroidManifest.xml:10:9-35
19        android:testOnly="true"
20        android:theme="@style/AppTheme" >
20-->src\main\AndroidManifest.xml:11:9-40
21        <activity
21-->src\main\AndroidManifest.xml:12:9-14:48
22            android:name="com.ajstudios.easyattendance.Reports_Detail_Activity"
22-->src\main\AndroidManifest.xml:13:13-80
23            android:theme="@style/AppTheme2" />
23-->src\main\AndroidManifest.xml:14:13-45
24        <activity android:name="com.ajstudios.easyattendance.Reports_Activity" />
24-->src\main\AndroidManifest.xml:15:9-82
24-->src\main\AndroidManifest.xml:15:19-79
25        <activity
25-->src\main\AndroidManifest.xml:16:9-18:54
26            android:name="com.ajstudios.easyattendance.ClassDetail_Activity"
26-->src\main\AndroidManifest.xml:17:13-77
27            android:theme="@style/FullScreenTheme" />
27-->src\main\AndroidManifest.xml:18:13-51
28        <activity
28-->src\main\AndroidManifest.xml:19:9-21:48
29            android:name="com.ajstudios.easyattendance.Insert_class_Activity"
29-->src\main\AndroidManifest.xml:20:13-78
30            android:theme="@style/AppTheme2" />
30-->src\main\AndroidManifest.xml:21:13-45
31        <activity android:name="com.ajstudios.easyattendance.MainActivity" >
31-->src\main\AndroidManifest.xml:22:9-28:20
31-->src\main\AndroidManifest.xml:22:19-75
32            <intent-filter>
32-->src\main\AndroidManifest.xml:23:13-27:29
33                <action android:name="android.intent.action.MAIN" />
33-->src\main\AndroidManifest.xml:24:17-69
33-->src\main\AndroidManifest.xml:24:25-66
34
35                <category android:name="android.intent.category.LAUNCHER" />
35-->src\main\AndroidManifest.xml:26:17-77
35-->src\main\AndroidManifest.xml:26:27-74
36            </intent-filter>
37        </activity>
38    </application>
39
40</manifest>